This file contains any messages produced by compilers while
running configure, to aid debugging if configure makes a mistake.

It was created by xfig configure 3.2.7b, which was
generated by GNU Autoconf 2.69.  Invocation command line was

  $ ./configure 

## --------- ##
## Platform. ##
## --------- ##

hostname = Liu-Server
uname -m = x86_64
uname -r = 5.4.0-48-generic
uname -s = Linux
uname -v = #52-Ubuntu SMP Thu Sep 10 10:58:49 UTC 2020

/usr/bin/uname -p = unknown
/bin/uname -X     = unknown

/bin/arch              = unknown
/usr/bin/arch -k       = unknown
/usr/convex/getsysinfo = unknown
/usr/bin/hostinfo      = unknown
/bin/machine           = unknown
/usr/bin/oslevel       = unknown
/bin/universe          = unknown

PATH: /opt/moose/Modules/bin
PATH: /usr/local/sbin
PATH: /usr/local/bin
PATH: /usr/sbin
PATH: /usr/bin
PATH: /sbin
PATH: /bin
PATH: /usr/games
PATH: /usr/local/games
PATH: /snap/bin


## ----------- ##
## Core tests. ##
## ----------- ##

configure:2455: checking for a BSD-compatible install
configure:2523: result: /usr/bin/install -c
configure:2534: checking whether build environment is sane
configure:2589: result: yes
configure:2738: checking for a thread-safe mkdir -p
configure:2777: result: /bin/mkdir -p
configure:2784: checking for gawk
configure:2800: found /usr/bin/gawk
configure:2811: result: gawk
configure:2822: checking whether make sets $(MAKE)
configure:2844: result: yes
configure:2873: checking whether make supports nested variables
configure:2890: result: yes
configure:3076: checking for gcc
configure:3092: found /usr/bin/gcc
configure:3103: result: gcc
configure:3332: checking for C compiler version
configure:3341: gcc --version >&5
gcc (Ubuntu 9.3.0-17ubuntu1~20.04) 9.3.0
Copyright (C) 2019 Free Software Foundation, Inc.
This is free software; see the source for copying conditions.  There is NO
warranty; not even for MERCHANTABILITY or FITNESS FOR A PARTICULAR PURPOSE.

configure:3352: $? = 0
configure:3341: gcc -v >&5
Using built-in specs.
COLLECT_GCC=gcc
COLLECT_LTO_WRAPPER=/usr/lib/gcc/x86_64-linux-gnu/9/lto-wrapper
OFFLOAD_TARGET_NAMES=nvptx-none:hsa
OFFLOAD_TARGET_DEFAULT=1
Target: x86_64-linux-gnu
Configured with: ../src/configure -v --with-pkgversion='Ubuntu 9.3.0-17ubuntu1~20.04' --with-bugurl=file:///usr/share/doc/gcc-9/README.Bugs --enable-languages=c,ada,c++,go,brig,d,fortran,objc,obj-c++,gm2 --prefix=/usr --with-gcc-major-version-only --program-suffix=-9 --program-prefix=x86_64-linux-gnu- --enable-shared --enable-linker-build-id --libexecdir=/usr/lib --without-included-gettext --enable-threads=posix --libdir=/usr/lib --enable-nls --enable-clocale=gnu --enable-libstdcxx-debug --enable-libstdcxx-time=yes --with-default-libstdcxx-abi=new --enable-gnu-unique-object --disable-vtable-verify --enable-plugin --enable-default-pie --with-system-zlib --with-target-system-zlib=auto --enable-objc-gc=auto --enable-multiarch --disable-werror --with-arch-32=i686 --with-abi=m64 --with-multilib-list=m32,m64,mx32 --enable-multilib --with-tune=generic --enable-offload-targets=nvptx-none=/build/gcc-9-HskZEa/gcc-9-9.3.0/debian/tmp-nvptx/usr,hsa --without-cuda-driver --enable-checking=release --build=x86_64-linux-gnu --host=x86_64-linux-gnu --target=x86_64-linux-gnu
Thread model: posix
gcc version 9.3.0 (Ubuntu 9.3.0-17ubuntu1~20.04) 
configure:3352: $? = 0
configure:3341: gcc -V >&5
gcc: error: unrecognized command line option '-V'
gcc: fatal error: no input files
compilation terminated.
configure:3352: $? = 1
configure:3341: gcc -qversion >&5
gcc: error: unrecognized command line option '-qversion'; did you mean '--version'?
gcc: fatal error: no input files
compilation terminated.
configure:3352: $? = 1
configure:3372: checking whether the C compiler works
configure:3394: gcc    conftest.c  >&5
configure:3398: $? = 0
configure:3446: result: yes
configure:3449: checking for C compiler default output file name
configure:3451: result: a.out
configure:3457: checking for suffix of executables
configure:3464: gcc -o conftest    conftest.c  >&5
configure:3468: $? = 0
configure:3490: result: 
configure:3512: checking whether we are cross compiling
configure:3520: gcc -o conftest    conftest.c  >&5
configure:3524: $? = 0
configure:3531: ./conftest
configure:3535: $? = 0
configure:3523: result: no
configure:3528: checking for suffix of object files
configure:3550: gcc -c   conftest.c >&5
configure:3554: $? = 0
configure:3575: result: o
configure:3579: checking whether we are using the GNU C compiler
configure:3598: gcc -c   conftest.c >&5
configure:3598: $? = 0
configure:3607: result: yes
configure:3616: checking whether gcc accepts -g
configure:3636: gcc -c -g  conftest.c >&5
configure:3636: $? = 0
configure:3677: result: yes
configure:3694: checking for gcc option to accept ISO C89
configure:3757: gcc  -c -g -O2  conftest.c >&5
configure:3757: $? = 0
configure:3770: result: none needed
configure:3795: checking whether gcc understands -c and -o together
configure:3817: gcc -c conftest.c -o conftest2.o
configure:3820: $? = 0
configure:3817: gcc -c conftest.c -o conftest2.o
configure:3820: $? = 0
configure:3832: result: yes
configure:3852: checking whether make supports the include directive
configure:3867: make -f confmf.GNU && cat confinc.out
this is the am__doit target
configure:3870: $? = 0
configure:3889: result: yes (GNU style)
configure:3914: checking dependency style of gcc
configure:4025: result: gcc3
configure:4045: checking for gcc option to accept ISO C99
configure:4194: gcc  -c -g -O2  conftest.c >&5
configure:4194: $? = 0
configure:4207: result: none needed
configure:4315: checking for gcc option to accept ISO Standard C
configure:4326: result: none needed
configure:4461: checking whether ln -s works
configure:4465: result: yes
configure:4517: checking for ranlib
configure:4533: found /usr/bin/ranlib
configure:4544: result: ranlib
configure:4615: checking for ar
configure:4631: found /usr/bin/ar
configure:4642: result: ar
configure:4668: checking the archiver (ar) interface
configure:4684: gcc -c -g -O2  conftest.c >&5
configure:4684: $? = 0
configure:4686: ar cru libconftest.a conftest.o >&5
ar: `u' modifier ignored since `D' is the default (see `U')
configure:4689: $? = 0
configure:4688: result: ar
configure:4718: checking for library containing pow
configure:4749: gcc -o conftest -g -O2   conftest.c  >&5
conftest.c:20:6: warning: conflicting types for built-in function 'pow'; expected 'double(double,  double)' [-Wbuiltin-declaration-mismatch]
   20 | char pow ();
      |      ^~~
conftest.c:1:1: note: 'pow' is declared in header '<math.h>'
    1 | /* confdefs.h */
/usr/bin/ld: /tmp/ccYFpjld.o: in function `main':
/home/printuka/xfig-3.2.7b/conftest.c:24: undefined reference to `pow'
collect2: error: ld returned 1 exit status
configure:4749: $? = 1
configure: failed program was:
| /* confdefs.h */
| #define PACKAGE_NAME "xfig"
| #define PACKAGE_TARNAME "xfig"
| #define PACKAGE_VERSION "3.2.7b"
| #define PACKAGE_STRING "xfig 3.2.7b"
| #define PACKAGE_BUGREPORT "thomas.loimer@tuwien.ac.at"
| #define PACKAGE_URL "https://sourceforge.net/projects/mcj/"
| #define PROTOCOL_VERSION "3.2"
| #define RELEASE_YEAR "2019"
| #define PACKAGE "xfig"
| #define VERSION "3.2.7b"
| /* end confdefs.h.  */
| 
| /* Override any GCC internal prototype to avoid an error.
|    Use char because int might match the return type of a GCC
|    builtin and then its argument prototype would still apply.  */
| #ifdef __cplusplus
| extern "C"
| #endif
| char pow ();
| int
| main ()
| {
| return pow ();
|   ;
|   return 0;
| }
configure:4749: gcc -o conftest -g -O2   conftest.c -lm   >&5
conftest.c:20:6: warning: conflicting types for built-in function 'pow'; expected 'double(double,  double)' [-Wbuiltin-declaration-mismatch]
   20 | char pow ();
      |      ^~~
conftest.c:1:1: note: 'pow' is declared in header '<math.h>'
    1 | /* confdefs.h */
configure:4749: $? = 0
configure:4766: result: -lm
configure:4773: checking for library containing png_read_info
configure:4804: gcc -o conftest -g -O2   conftest.c -lm  >&5
/usr/bin/ld: /tmp/ccs4vUVe.o: in function `main':
/home/printuka/xfig-3.2.7b/conftest.c:24: undefined reference to `png_read_info'
collect2: error: ld returned 1 exit status
configure:4804: $? = 1
configure: failed program was:
| /* confdefs.h */
| #define PACKAGE_NAME "xfig"
| #define PACKAGE_TARNAME "xfig"
| #define PACKAGE_VERSION "3.2.7b"
| #define PACKAGE_STRING "xfig 3.2.7b"
| #define PACKAGE_BUGREPORT "thomas.loimer@tuwien.ac.at"
| #define PACKAGE_URL "https://sourceforge.net/projects/mcj/"
| #define PROTOCOL_VERSION "3.2"
| #define RELEASE_YEAR "2019"
| #define PACKAGE "xfig"
| #define VERSION "3.2.7b"
| /* end confdefs.h.  */
| 
| /* Override any GCC internal prototype to avoid an error.
|    Use char because int might match the return type of a GCC
|    builtin and then its argument prototype would still apply.  */
| #ifdef __cplusplus
| extern "C"
| #endif
| char png_read_info ();
| int
| main ()
| {
| return png_read_info ();
|   ;
|   return 0;
| }
configure:4804: gcc -o conftest -g -O2   conftest.c -lpng  -lm  >&5
configure:4804: $? = 0
configure:4821: result: -lpng
configure:4839: checking for dirent.h that defines DIR
configure:4858: gcc -c -g -O2  conftest.c >&5
configure:4858: $? = 0
configure:4866: result: yes
configure:4879: checking for library containing opendir
configure:4910: gcc -o conftest -g -O2   conftest.c -lpng -lm  >&5
configure:4910: $? = 0
configure:4927: result: none required
configure:4999: checking how to run the C preprocessor
configure:5030: gcc -E  conftest.c
configure:5030: $? = 0
configure:5044: gcc -E  conftest.c
conftest.c:14:10: fatal error: ac_nonexistent.h: No such file or directory
   14 | #include <ac_nonexistent.h>
      |          ^~~~~~~~~~~~~~~~~~
compilation terminated.
configure:5044: $? = 1
configure: failed program was:
| /* confdefs.h */
| #define PACKAGE_NAME "xfig"
| #define PACKAGE_TARNAME "xfig"
| #define PACKAGE_VERSION "3.2.7b"
| #define PACKAGE_STRING "xfig 3.2.7b"
| #define PACKAGE_BUGREPORT "thomas.loimer@tuwien.ac.at"
| #define PACKAGE_URL "https://sourceforge.net/projects/mcj/"
| #define PROTOCOL_VERSION "3.2"
| #define RELEASE_YEAR "2019"
| #define PACKAGE "xfig"
| #define VERSION "3.2.7b"
| #define HAVE_DIRENT_H 1
| /* end confdefs.h.  */
| #include <ac_nonexistent.h>
configure:5069: result: gcc -E
configure:5089: gcc -E  conftest.c
configure:5089: $? = 0
configure:5103: gcc -E  conftest.c
conftest.c:14:10: fatal error: ac_nonexistent.h: No such file or directory
   14 | #include <ac_nonexistent.h>
      |          ^~~~~~~~~~~~~~~~~~
compilation terminated.
configure:5103: $? = 1
configure: failed program was:
| /* confdefs.h */
| #define PACKAGE_NAME "xfig"
| #define PACKAGE_TARNAME "xfig"
| #define PACKAGE_VERSION "3.2.7b"
| #define PACKAGE_STRING "xfig 3.2.7b"
| #define PACKAGE_BUGREPORT "thomas.loimer@tuwien.ac.at"
| #define PACKAGE_URL "https://sourceforge.net/projects/mcj/"
| #define PROTOCOL_VERSION "3.2"
| #define RELEASE_YEAR "2019"
| #define PACKAGE "xfig"
| #define VERSION "3.2.7b"
| #define HAVE_DIRENT_H 1
| /* end confdefs.h.  */
| #include <ac_nonexistent.h>
configure:5132: checking for grep that handles long lines and -e
configure:5190: result: /bin/grep
configure:5195: checking for egrep
configure:5257: result: /bin/grep -E
configure:5262: checking for ANSI C header files
configure:5282: gcc -c -g -O2  conftest.c >&5
configure:5282: $? = 0
configure:5355: gcc -o conftest -g -O2   conftest.c -lpng -lm  >&5
configure:5355: $? = 0
configure:5355: ./conftest
configure:5355: $? = 0
configure:5366: result: yes
configure:5379: checking for sys/types.h
configure:5379: gcc -c -g -O2  conftest.c >&5
configure:5379: $? = 0
configure:5379: result: yes
configure:5379: checking for sys/stat.h
configure:5379: gcc -c -g -O2  conftest.c >&5
configure:5379: $? = 0
configure:5379: result: yes
configure:5379: checking for stdlib.h
configure:5379: gcc -c -g -O2  conftest.c >&5
configure:5379: $? = 0
configure:5379: result: yes
configure:5379: checking for string.h
configure:5379: gcc -c -g -O2  conftest.c >&5
configure:5379: $? = 0
configure:5379: result: yes
configure:5379: checking for memory.h
configure:5379: gcc -c -g -O2  conftest.c >&5
configure:5379: $? = 0
configure:5379: result: yes
configure:5379: checking for strings.h
configure:5379: gcc -c -g -O2  conftest.c >&5
configure:5379: $? = 0
configure:5379: result: yes
configure:5379: checking for inttypes.h
configure:5379: gcc -c -g -O2  conftest.c >&5
configure:5379: $? = 0
configure:5379: result: yes
configure:5379: checking for stdint.h
configure:5379: gcc -c -g -O2  conftest.c >&5
configure:5379: $? = 0
configure:5379: result: yes
configure:5379: checking for unistd.h
configure:5379: gcc -c -g -O2  conftest.c >&5
configure:5379: $? = 0
configure:5379: result: yes
configure:5397: checking for features.h
configure:5397: gcc -c -g -O2  conftest.c >&5
configure:5397: $? = 0
configure:5397: result: yes
configure:5397: checking for sys/time.h
configure:5397: gcc -c -g -O2  conftest.c >&5
configure:5397: $? = 0
configure:5397: result: yes
configure:5397: checking for png.h
configure:5397: gcc -c -g -O2  conftest.c >&5
configure:5397: $? = 0
configure:5397: result: yes
configure:5422: checking for X
configure:5561: gcc -o conftest -g -O2   conftest.c -lX11 -lpng -lm  >&5
configure:5561: $? = 0
configure:5611: result: libraries , headers 
configure:5631: checking X11/X.h usability
configure:5631: gcc -c -g -O2  conftest.c >&5
configure:5631: $? = 0
configure:5631: result: yes
configure:5631: checking X11/X.h presence
configure:5631: gcc -E  conftest.c
configure:5631: $? = 0
configure:5631: result: yes
configure:5631: checking for X11/X.h
configure:5631: result: yes
configure:5640: checking for pid_t
configure:5640: gcc -c -g -O2  conftest.c >&5
configure:5640: $? = 0
configure:5640: gcc -c -g -O2  conftest.c >&5
conftest.c: In function 'main':
conftest.c:63:20: error: expected expression before ')' token
   63 | if (sizeof ((pid_t)))
      |                    ^
configure:5640: $? = 1
configure: failed program was:
| /* confdefs.h */
| #define PACKAGE_NAME "xfig"
| #define PACKAGE_TARNAME "xfig"
| #define PACKAGE_VERSION "3.2.7b"
| #define PACKAGE_STRING "xfig 3.2.7b"
| #define PACKAGE_BUGREPORT "thomas.loimer@tuwien.ac.at"
| #define PACKAGE_URL "https://sourceforge.net/projects/mcj/"
| #define PROTOCOL_VERSION "3.2"
| #define RELEASE_YEAR "2019"
| #define PACKAGE "xfig"
| #define VERSION "3.2.7b"
| #define HAVE_DIRENT_H 1
| #define STDC_HEADERS 1
| #define HAVE_SYS_TYPES_H 1
| #define HAVE_SYS_STAT_H 1
| #define HAVE_STDLIB_H 1
| #define HAVE_STRING_H 1
| #define HAVE_MEMORY_H 1
| #define HAVE_STRINGS_H 1
| #define HAVE_INTTYPES_H 1
| #define HAVE_STDINT_H 1
| #define HAVE_UNISTD_H 1
| #define HAVE_FEATURES_H 1
| #define HAVE_SYS_TIME_H 1
| #define HAVE_PNG_H 1
| /* end confdefs.h.  */
| #include <stdio.h>
| #ifdef HAVE_SYS_TYPES_H
| # include <sys/types.h>
| #endif
| #ifdef HAVE_SYS_STAT_H
| # include <sys/stat.h>
| #endif
| #ifdef STDC_HEADERS
| # include <stdlib.h>
| # include <stddef.h>
| #else
| # ifdef HAVE_STDLIB_H
| #  include <stdlib.h>
| # endif
| #endif
| #ifdef HAVE_STRING_H
| # if !defined STDC_HEADERS && defined HAVE_MEMORY_H
| #  include <memory.h>
| # endif
| # include <string.h>
| #endif
| #ifdef HAVE_STRINGS_H
| # include <strings.h>
| #endif
| #ifdef HAVE_INTTYPES_H
| # include <inttypes.h>
| #endif
| #ifdef HAVE_STDINT_H
| # include <stdint.h>
| #endif
| #ifdef HAVE_UNISTD_H
| # include <unistd.h>
| #endif
| int
| main ()
| {
| if (sizeof ((pid_t)))
| 	    return 0;
|   ;
|   return 0;
| }
configure:5640: result: yes
configure:5651: checking for size_t
configure:5651: gcc -c -g -O2  conftest.c >&5
configure:5651: $? = 0
configure:5651: gcc -c -g -O2  conftest.c >&5
conftest.c: In function 'main':
conftest.c:63:21: error: expected expression before ')' token
   63 | if (sizeof ((size_t)))
      |                     ^
configure:5651: $? = 1
configure: failed program was:
| /* confdefs.h */
| #define PACKAGE_NAME "xfig"
| #define PACKAGE_TARNAME "xfig"
| #define PACKAGE_VERSION "3.2.7b"
| #define PACKAGE_STRING "xfig 3.2.7b"
| #define PACKAGE_BUGREPORT "thomas.loimer@tuwien.ac.at"
| #define PACKAGE_URL "https://sourceforge.net/projects/mcj/"
| #define PROTOCOL_VERSION "3.2"
| #define RELEASE_YEAR "2019"
| #define PACKAGE "xfig"
| #define VERSION "3.2.7b"
| #define HAVE_DIRENT_H 1
| #define STDC_HEADERS 1
| #define HAVE_SYS_TYPES_H 1
| #define HAVE_SYS_STAT_H 1
| #define HAVE_STDLIB_H 1
| #define HAVE_STRING_H 1
| #define HAVE_MEMORY_H 1
| #define HAVE_STRINGS_H 1
| #define HAVE_INTTYPES_H 1
| #define HAVE_STDINT_H 1
| #define HAVE_UNISTD_H 1
| #define HAVE_FEATURES_H 1
| #define HAVE_SYS_TIME_H 1
| #define HAVE_PNG_H 1
| /* end confdefs.h.  */
| #include <stdio.h>
| #ifdef HAVE_SYS_TYPES_H
| # include <sys/types.h>
| #endif
| #ifdef HAVE_SYS_STAT_H
| # include <sys/stat.h>
| #endif
| #ifdef STDC_HEADERS
| # include <stdlib.h>
| # include <stddef.h>
| #else
| # ifdef HAVE_STDLIB_H
| #  include <stdlib.h>
| # endif
| #endif
| #ifdef HAVE_STRING_H
| # if !defined STDC_HEADERS && defined HAVE_MEMORY_H
| #  include <memory.h>
| # endif
| # include <string.h>
| #endif
| #ifdef HAVE_STRINGS_H
| # include <strings.h>
| #endif
| #ifdef HAVE_INTTYPES_H
| # include <inttypes.h>
| #endif
| #ifdef HAVE_STDINT_H
| # include <stdint.h>
| #endif
| #ifdef HAVE_UNISTD_H
| # include <unistd.h>
| #endif
| int
| main ()
| {
| if (sizeof ((size_t)))
| 	    return 0;
|   ;
|   return 0;
| }
configure:5651: result: yes
configure:5662: checking whether S_IFDIR is declared
configure:5662: gcc -c -g -O2  conftest.c >&5
configure:5662: $? = 0
configure:5662: result: yes
configure:5673: checking whether S_IWRITE is declared
configure:5673: gcc -c -g -O2  conftest.c >&5
configure:5673: $? = 0
configure:5673: result: yes
configure:5684: checking whether REG_NOERROR is declared
configure:5684: gcc -c -g -O2  conftest.c >&5
configure:5684: $? = 0
configure:5684: result: yes
configure:5697: checking vfork.h usability
configure:5697: gcc -c -g -O2  conftest.c >&5
conftest.c:62:10: fatal error: vfork.h: No such file or directory
   62 | #include <vfork.h>
      |          ^~~~~~~~~
compilation terminated.
configure:5697: $? = 1
configure: failed program was:
| /* confdefs.h */
| #define PACKAGE_NAME "xfig"
| #define PACKAGE_TARNAME "xfig"
| #define PACKAGE_VERSION "3.2.7b"
| #define PACKAGE_STRING "xfig 3.2.7b"
| #define PACKAGE_BUGREPORT "thomas.loimer@tuwien.ac.at"
| #define PACKAGE_URL "https://sourceforge.net/projects/mcj/"
| #define PROTOCOL_VERSION "3.2"
| #define RELEASE_YEAR "2019"
| #define PACKAGE "xfig"
| #define VERSION "3.2.7b"
| #define HAVE_DIRENT_H 1
| #define STDC_HEADERS 1
| #define HAVE_SYS_TYPES_H 1
| #define HAVE_SYS_STAT_H 1
| #define HAVE_STDLIB_H 1
| #define HAVE_STRING_H 1
| #define HAVE_MEMORY_H 1
| #define HAVE_STRINGS_H 1
| #define HAVE_INTTYPES_H 1
| #define HAVE_STDINT_H 1
| #define HAVE_UNISTD_H 1
| #define HAVE_FEATURES_H 1
| #define HAVE_SYS_TIME_H 1
| #define HAVE_PNG_H 1
| #define HAVE_DECL_S_IFDIR 1
| #define HAVE_DECL_S_IWRITE 1
| /* end confdefs.h.  */
| #include <stdio.h>
| #ifdef HAVE_SYS_TYPES_H
| # include <sys/types.h>
| #endif
| #ifdef HAVE_SYS_STAT_H
| # include <sys/stat.h>
| #endif
| #ifdef STDC_HEADERS
| # include <stdlib.h>
| # include <stddef.h>
| #else
| # ifdef HAVE_STDLIB_H
| #  include <stdlib.h>
| # endif
| #endif
| #ifdef HAVE_STRING_H
| # if !defined STDC_HEADERS && defined HAVE_MEMORY_H
| #  include <memory.h>
| # endif
| # include <string.h>
| #endif
| #ifdef HAVE_STRINGS_H
| # include <strings.h>
| #endif
| #ifdef HAVE_INTTYPES_H
| # include <inttypes.h>
| #endif
| #ifdef HAVE_STDINT_H
| # include <stdint.h>
| #endif
| #ifdef HAVE_UNISTD_H
| # include <unistd.h>
| #endif
| #include <vfork.h>
configure:5697: result: no
configure:5697: checking vfork.h presence
configure:5697: gcc -E  conftest.c
conftest.c:29:10: fatal error: vfork.h: No such file or directory
   29 | #include <vfork.h>
      |          ^~~~~~~~~
compilation terminated.
configure:5697: $? = 1
configure: failed program was:
| /* confdefs.h */
| #define PACKAGE_NAME "xfig"
| #define PACKAGE_TARNAME "xfig"
| #define PACKAGE_VERSION "3.2.7b"
| #define PACKAGE_STRING "xfig 3.2.7b"
| #define PACKAGE_BUGREPORT "thomas.loimer@tuwien.ac.at"
| #define PACKAGE_URL "https://sourceforge.net/projects/mcj/"
| #define PROTOCOL_VERSION "3.2"
| #define RELEASE_YEAR "2019"
| #define PACKAGE "xfig"
| #define VERSION "3.2.7b"
| #define HAVE_DIRENT_H 1
| #define STDC_HEADERS 1
| #define HAVE_SYS_TYPES_H 1
| #define HAVE_SYS_STAT_H 1
| #define HAVE_STDLIB_H 1
| #define HAVE_STRING_H 1
| #define HAVE_MEMORY_H 1
| #define HAVE_STRINGS_H 1
| #define HAVE_INTTYPES_H 1
| #define HAVE_STDINT_H 1
| #define HAVE_UNISTD_H 1
| #define HAVE_FEATURES_H 1
| #define HAVE_SYS_TIME_H 1
| #define HAVE_PNG_H 1
| #define HAVE_DECL_S_IFDIR 1
| #define HAVE_DECL_S_IWRITE 1
| /* end confdefs.h.  */
| #include <vfork.h>
configure:5697: result: no
configure:5697: checking for vfork.h
configure:5697: result: no
configure:5710: checking for fork
configure:5710: gcc -o conftest -g -O2   conftest.c -lpng -lm  >&5
conftest.c:52:6: warning: conflicting types for built-in function 'fork'; expected 'int(void)' [-Wbuiltin-declaration-mismatch]
   52 | char fork ();
      |      ^~~~
configure:5710: $? = 0
configure:5710: result: yes
configure:5710: checking for vfork
configure:5710: gcc -o conftest -g -O2   conftest.c -lpng -lm  >&5
configure:5710: $? = 0
configure:5710: result: yes
configure:5720: checking for working fork
configure:5742: gcc -o conftest -g -O2   conftest.c -lpng -lm  >&5
configure:5742: $? = 0
configure:5742: ./conftest
configure:5742: $? = 0
configure:5752: result: yes
configure:5773: checking for working vfork
configure:5883: result: yes
configure:5910: checking for stdlib.h
configure:5910: result: yes
configure:5920: checking for GNU libc compatible malloc
configure:5944: gcc -o conftest -g -O2   conftest.c -lpng -lm  >&5
configure:5944: $? = 0
configure:5944: ./conftest
configure:5944: $? = 0
configure:5954: result: yes
configure:5977: checking for stdlib.h
configure:5977: result: yes
configure:5987: checking for GNU libc compatible realloc
configure:6011: gcc -o conftest -g -O2   conftest.c -lpng -lm  >&5
configure:6011: $? = 0
configure:6011: ./conftest
configure:6011: $? = 0
configure:6021: result: yes
configure:6049: checking for getcwd
configure:6049: gcc -o conftest -g -O2   conftest.c -lpng -lm  >&5
configure:6049: $? = 0
configure:6049: result: yes
configure:6049: checking for setlocale
configure:6049: gcc -o conftest -g -O2   conftest.c -lpng -lm  >&5
configure:6049: $? = 0
configure:6049: result: yes
configure:6049: checking for strerror
configure:6049: gcc -o conftest -g -O2   conftest.c -lpng -lm  >&5
configure:6049: $? = 0
configure:6049: result: yes
configure:6065: checking for isascii
configure:6065: gcc -o conftest -g -O2   conftest.c -lpng -lm  >&5
conftest.c:63:6: warning: conflicting types for built-in function 'isascii'; expected 'int(int)' [-Wbuiltin-declaration-mismatch]
   63 | char isascii ();
      |      ^~~~~~~
configure:6065: $? = 0
configure:6065: result: yes
configure:6078: checking for strstr
configure:6078: gcc -o conftest -g -O2   conftest.c -lpng -lm  >&5
conftest.c:64:6: warning: conflicting types for built-in function 'strstr'; expected 'char *(const char *, const char *)' [-Wbuiltin-declaration-mismatch]
   64 | char strstr ();
      |      ^~~~~~
conftest.c:52:1: note: 'strstr' is declared in header '<string.h>'
   51 | # include <limits.h>
   52 | #else
configure:6078: $? = 0
configure:6078: result: yes
configure:6091: checking for strchr
configure:6091: gcc -o conftest -g -O2   conftest.c -lpng -lm  >&5
conftest.c:65:6: warning: conflicting types for built-in function 'strchr'; expected 'char *(const char *, int)' [-Wbuiltin-declaration-mismatch]
   65 | char strchr ();
      |      ^~~~~~
conftest.c:53:1: note: 'strchr' is declared in header '<string.h>'
   52 | # include <limits.h>
   53 | #else
configure:6091: $? = 0
configure:6091: result: yes
configure:6104: checking for strrchr
configure:6104: gcc -o conftest -g -O2   conftest.c -lpng -lm  >&5
conftest.c:66:6: warning: conflicting types for built-in function 'strrchr'; expected 'char *(const char *, int)' [-Wbuiltin-declaration-mismatch]
   66 | char strrchr ();
      |      ^~~~~~~
conftest.c:54:1: note: 'strrchr' is declared in header '<string.h>'
   53 | # include <limits.h>
   54 | #else
configure:6104: $? = 0
configure:6104: result: yes
configure:6117: checking for strcasecmp
configure:6117: gcc -o conftest -g -O2   conftest.c -lpng -lm  >&5
conftest.c:67:6: warning: conflicting types for built-in function 'strcasecmp'; expected 'int(const char *, const char *)' [-Wbuiltin-declaration-mismatch]
   67 | char strcasecmp ();
      |      ^~~~~~~~~~
configure:6117: $? = 0
configure:6117: result: yes
configure:6130: checking for strncasecmp
configure:6130: gcc -o conftest -g -O2   conftest.c -lpng -lm  >&5
conftest.c:68:6: warning: conflicting types for built-in function 'strncasecmp'; expected 'int(const char *, const char *, long unsigned int)' [-Wbuiltin-declaration-mismatch]
   68 | char strncasecmp ();
      |      ^~~~~~~~~~~
configure:6130: $? = 0
configure:6130: result: yes
configure:6143: checking for strdup
configure:6143: gcc -o conftest -g -O2   conftest.c -lpng -lm  >&5
conftest.c:69:6: warning: conflicting types for built-in function 'strdup'; expected 'char *(const char *)' [-Wbuiltin-declaration-mismatch]
   69 | char strdup ();
      |      ^~~~~~
configure:6143: $? = 0
configure:6143: result: yes
configure:6156: checking for strndup
configure:6156: gcc -o conftest -g -O2   conftest.c -lpng -lm  >&5
conftest.c:70:6: warning: conflicting types for built-in function 'strndup'; expected 'char *(const char *, long unsigned int)' [-Wbuiltin-declaration-mismatch]
   70 | char strndup ();
      |      ^~~~~~~
configure:6156: $? = 0
configure:6156: result: yes
configure:6228: checking for library containing jpeg_read_header
configure:6259: gcc -o conftest -g -O2   conftest.c -lpng -lm  >&5
/usr/bin/ld: /tmp/ccbvM8Jo.o: in function `main':
/home/printuka/xfig-3.2.7b/conftest.c:62: undefined reference to `jpeg_read_header'
collect2: error: ld returned 1 exit status
configure:6259: $? = 1
configure: failed program was:
| /* confdefs.h */
| #define PACKAGE_NAME "xfig"
| #define PACKAGE_TARNAME "xfig"
| #define PACKAGE_VERSION "3.2.7b"
| #define PACKAGE_STRING "xfig 3.2.7b"
| #define PACKAGE_BUGREPORT "thomas.loimer@tuwien.ac.at"
| #define PACKAGE_URL "https://sourceforge.net/projects/mcj/"
| #define PROTOCOL_VERSION "3.2"
| #define RELEASE_YEAR "2019"
| #define PACKAGE "xfig"
| #define VERSION "3.2.7b"
| #define HAVE_DIRENT_H 1
| #define STDC_HEADERS 1
| #define HAVE_SYS_TYPES_H 1
| #define HAVE_SYS_STAT_H 1
| #define HAVE_STDLIB_H 1
| #define HAVE_STRING_H 1
| #define HAVE_MEMORY_H 1
| #define HAVE_STRINGS_H 1
| #define HAVE_INTTYPES_H 1
| #define HAVE_STDINT_H 1
| #define HAVE_UNISTD_H 1
| #define HAVE_FEATURES_H 1
| #define HAVE_SYS_TIME_H 1
| #define HAVE_PNG_H 1
| #define HAVE_DECL_S_IFDIR 1
| #define HAVE_DECL_S_IWRITE 1
| #define HAVE_FORK 1
| #define HAVE_VFORK 1
| #define HAVE_WORKING_VFORK 1
| #define HAVE_WORKING_FORK 1
| #define HAVE_STDLIB_H 1
| #define HAVE_MALLOC 1
| #define HAVE_STDLIB_H 1
| #define HAVE_REALLOC 1
| #define HAVE_GETCWD 1
| #define HAVE_SETLOCALE 1
| #define HAVE_STRERROR 1
| #define HAVE_ISASCII 1
| #define HAVE_STRSTR 1
| #define HAVE_STRCHR 1
| #define HAVE_STRRCHR 1
| #define HAVE_STRCASECMP 1
| #define HAVE_STRNCASECMP 1
| #define HAVE_STRDUP 1
| #define HAVE_STRNDUP 1
| #define ARROWS4TO14 1
| #define I18N 1
| #define I18N_USE_PREEDIT 1
| /* end confdefs.h.  */
| 
| /* Override any GCC internal prototype to avoid an error.
|    Use char because int might match the return type of a GCC
|    builtin and then its argument prototype would still apply.  */
| #ifdef __cplusplus
| extern "C"
| #endif
| char jpeg_read_header ();
| int
| main ()
| {
| return jpeg_read_header ();
|   ;
|   return 0;
| }
configure:6259: gcc -o conftest -g -O2   conftest.c -ljpeg  -lpng -lm  >&5
configure:6259: $? = 0
configure:6276: result: -ljpeg
configure:6341: checking for library containing XpmFree
configure:6372: gcc -o conftest -g -O2   conftest.c -ljpeg -lpng -lm  >&5
/usr/bin/ld: /tmp/ccjq9lRl.o: in function `main':
/home/printuka/xfig-3.2.7b/conftest.c:65: undefined reference to `XpmFree'
collect2: error: ld returned 1 exit status
configure:6372: $? = 1
configure: failed program was:
| /* confdefs.h */
| #define PACKAGE_NAME "xfig"
| #define PACKAGE_TARNAME "xfig"
| #define PACKAGE_VERSION "3.2.7b"
| #define PACKAGE_STRING "xfig 3.2.7b"
| #define PACKAGE_BUGREPORT "thomas.loimer@tuwien.ac.at"
| #define PACKAGE_URL "https://sourceforge.net/projects/mcj/"
| #define PROTOCOL_VERSION "3.2"
| #define RELEASE_YEAR "2019"
| #define PACKAGE "xfig"
| #define VERSION "3.2.7b"
| #define HAVE_DIRENT_H 1
| #define STDC_HEADERS 1
| #define HAVE_SYS_TYPES_H 1
| #define HAVE_SYS_STAT_H 1
| #define HAVE_STDLIB_H 1
| #define HAVE_STRING_H 1
| #define HAVE_MEMORY_H 1
| #define HAVE_STRINGS_H 1
| #define HAVE_INTTYPES_H 1
| #define HAVE_STDINT_H 1
| #define HAVE_UNISTD_H 1
| #define HAVE_FEATURES_H 1
| #define HAVE_SYS_TIME_H 1
| #define HAVE_PNG_H 1
| #define HAVE_DECL_S_IFDIR 1
| #define HAVE_DECL_S_IWRITE 1
| #define HAVE_FORK 1
| #define HAVE_VFORK 1
| #define HAVE_WORKING_VFORK 1
| #define HAVE_WORKING_FORK 1
| #define HAVE_STDLIB_H 1
| #define HAVE_MALLOC 1
| #define HAVE_STDLIB_H 1
| #define HAVE_REALLOC 1
| #define HAVE_GETCWD 1
| #define HAVE_SETLOCALE 1
| #define HAVE_STRERROR 1
| #define HAVE_ISASCII 1
| #define HAVE_STRSTR 1
| #define HAVE_STRCHR 1
| #define HAVE_STRRCHR 1
| #define HAVE_STRCASECMP 1
| #define HAVE_STRNCASECMP 1
| #define HAVE_STRDUP 1
| #define HAVE_STRNDUP 1
| #define ARROWS4TO14 1
| #define I18N 1
| #define I18N_USE_PREEDIT 1
| #define USE_JPEG 1
| #define GSBIT 1
| #define CACHE_SIZE_LIMIT 20000
| /* end confdefs.h.  */
| 
| /* Override any GCC internal prototype to avoid an error.
|    Use char because int might match the return type of a GCC
|    builtin and then its argument prototype would still apply.  */
| #ifdef __cplusplus
| extern "C"
| #endif
| char XpmFree ();
| int
| main ()
| {
| return XpmFree ();
|   ;
|   return 0;
| }
configure:6372: gcc -o conftest -g -O2   conftest.c -lXpm  -ljpeg -lpng -lm  >&5
configure:6372: $? = 0
configure:6389: result: -lXpm
configure:6859: checking that generated files are newer than configure
configure:6865: result: done
configure:6916: creating ./config.status

## ---------------------- ##
## Running config.status. ##
## ---------------------- ##

This file was extended by xfig config.status 3.2.7b, which was
generated by GNU Autoconf 2.69.  Invocation command line was

  CONFIG_FILES    = 
  CONFIG_HEADERS  = 
  CONFIG_LINKS    = 
  CONFIG_COMMANDS = 
  $ ./config.status 

on Liu-Server

config.status:937: creating Makefile
config.status:937: creating app-defaults/Fig
config.status:937: creating splash-image/spl_bckgnd.fig
config.status:937: creating src/Makefile
config.status:937: creating src/version.fig
config.status:937: creating doc/html/images/xfig-title.fig
config.status:937: creating doc/Makefile
config.status:937: creating doc/xfig.man
config.status:937: creating doc/xfig_man.html
config.status:937: creating tests/Makefile
config.status:937: creating tests/atlocal
config.status:937: creating config.h
config.status:1118: config.h is unchanged
config.status:1166: executing depfiles commands
config.status:1243: cd src       && sed -e '/# am--include-marker/d' Makefile         | make -f - am--depfiles
make: Nothing to be done for 'am--depfiles'.
config.status:1248: $? = 0
config.status:1243: cd tests       && sed -e '/# am--include-marker/d' Makefile         | make -f - am--depfiles
make: Nothing to be done for 'am--depfiles'.
config.status:1248: $? = 0
config.status:1166: executing tests/atconfig commands
configure:8283:
  Compile, CC=gcc XCPPFLAGS=-DXAW_INTERNATIONALIZATION \
	CPPFLAGS=<empty> CFLAGS=-g -O2
  Link, gcc CFLAGS=-g -O2 XLDFLAGS=<empty> \
	LDFLAGS=<empty> <object> \
	XLIBS=-lXaw3d -lXt -lX11 LIBS=-lXpm -ljpeg -lpng -lm 

Installation locations:
  /usr/local/share/X11/app-defaults/ Fig	(--with-appdefaultdir)
  /usr/local/share/applications/ xfig.desktop	(--with-applicationsdir)
  /usr/local/share/pixmaps/ xfig.png	(--with-icondir)
  /usr/local/share/xfig/ Libraries (--datarootdir)
  /usr/local/share/doc/xfig/ html	(--htmldir)
  /usr/local/share/doc/xfig/ doc-files	(--docdir)

## ---------------- ##
## Cache variables. ##
## ---------------- ##

ac_cv_c_compiler_gnu=yes
ac_cv_env_CC_set=
ac_cv_env_CC_value=
ac_cv_env_CFLAGS_set=
ac_cv_env_CFLAGS_value=
ac_cv_env_CPPFLAGS_set=
ac_cv_env_CPPFLAGS_value=
ac_cv_env_CPP_set=
ac_cv_env_CPP_value=
ac_cv_env_LDFLAGS_set=
ac_cv_env_LDFLAGS_value=
ac_cv_env_LIBS_set=
ac_cv_env_LIBS_value=
ac_cv_env_XMKMF_set=
ac_cv_env_XMKMF_value=
ac_cv_env_build_alias_set=
ac_cv_env_build_alias_value=
ac_cv_env_host_alias_set=
ac_cv_env_host_alias_value=
ac_cv_env_target_alias_set=
ac_cv_env_target_alias_value=
ac_cv_func_fork=yes
ac_cv_func_fork_works=yes
ac_cv_func_getcwd=yes
ac_cv_func_isascii=yes
ac_cv_func_malloc_0_nonnull=yes
ac_cv_func_realloc_0_nonnull=yes
ac_cv_func_setlocale=yes
ac_cv_func_strcasecmp=yes
ac_cv_func_strchr=yes
ac_cv_func_strdup=yes
ac_cv_func_strerror=yes
ac_cv_func_strncasecmp=yes
ac_cv_func_strndup=yes
ac_cv_func_strrchr=yes
ac_cv_func_strstr=yes
ac_cv_func_vfork=yes
ac_cv_func_vfork_works=yes
ac_cv_have_decl_REG_NOERROR=yes
ac_cv_have_decl_S_IFDIR=yes
ac_cv_have_decl_S_IWRITE=yes
ac_cv_have_x='have_x=yes	ac_x_includes='\'''\''	ac_x_libraries='\'''\'''
ac_cv_header_X11_X_h=yes
ac_cv_header_dirent_dirent_h=yes
ac_cv_header_features_h=yes
ac_cv_header_inttypes_h=yes
ac_cv_header_memory_h=yes
ac_cv_header_png_h=yes
ac_cv_header_stdc=yes
ac_cv_header_stdint_h=yes
ac_cv_header_stdlib_h=yes
ac_cv_header_string_h=yes
ac_cv_header_strings_h=yes
ac_cv_header_sys_stat_h=yes
ac_cv_header_sys_time_h=yes
ac_cv_header_sys_types_h=yes
ac_cv_header_unistd_h=yes
ac_cv_header_vfork_h=no
ac_cv_objext=o
ac_cv_path_EGREP='/bin/grep -E'
ac_cv_path_GREP=/bin/grep
ac_cv_path_install='/usr/bin/install -c'
ac_cv_path_mkdir=/bin/mkdir
ac_cv_prog_AWK=gawk
ac_cv_prog_CPP='gcc -E'
ac_cv_prog_ac_ct_AR=ar
ac_cv_prog_ac_ct_CC=gcc
ac_cv_prog_ac_ct_RANLIB=ranlib
ac_cv_prog_cc_c89=
ac_cv_prog_cc_c99=
ac_cv_prog_cc_g=yes
ac_cv_prog_cc_stdc=
ac_cv_prog_make_make_set=yes
ac_cv_search_XpmFree=-lXpm
ac_cv_search_jpeg_read_header=-ljpeg
ac_cv_search_opendir='none required'
ac_cv_search_png_read_info=-lpng
ac_cv_search_pow=-lm
ac_cv_type_pid_t=yes
ac_cv_type_size_t=yes
am_cv_CC_dependencies_compiler_type=gcc3
am_cv_ar_interface=ar
am_cv_make_support_nested_variables=yes
am_cv_prog_cc_c_o=yes

## ----------------- ##
## Output variables. ##
## ----------------- ##

ACLOCAL='${SHELL} /home/printuka/xfig-3.2.7b/missing aclocal-1.16'
AMDEPBACKSLASH='\'
AMDEP_FALSE='#'
AMDEP_TRUE=''
AMTAR='$${TAR-tar}'
AM_BACKSLASH='\'
AM_DEFAULT_V='$(AM_DEFAULT_VERBOSITY)'
AM_DEFAULT_VERBOSITY='1'
AM_V='$(V)'
APPDEFAULTDIR='/usr/local/share/X11/app-defaults'
APPLICATIONSDIR='/usr/local/share/applications'
AR='ar'
AUTOCONF='${SHELL} /home/printuka/xfig-3.2.7b/missing autoconf'
AUTOHEADER='${SHELL} /home/printuka/xfig-3.2.7b/missing autoheader'
AUTOM4TE='${SHELL} /home/printuka/xfig-3.2.7b/missing autom4te'
AUTOMAKE='${SHELL} /home/printuka/xfig-3.2.7b/missing automake-1.16'
AWK='gawk'
CC='gcc'
CCDEPMODE='depmode=gcc3'
CFLAGS='-g -O2'
COMPKEYDBDIR='/usr/local/share/xfig'
CPP='gcc -E'
CPPFLAGS=''
CYGPATH_W='echo'
DEFS='-DHAVE_CONFIG_H'
DEPDIR='.deps'
DOCDIR='/usr/local/share/doc/xfig'
ECHO_C=''
ECHO_N='-n'
ECHO_T=''
EGREP='/bin/grep -E'
ENABLE_VERSIONING_FALSE=''
ENABLE_VERSIONING_TRUE='#'
EXEEXT=''
GREP='/bin/grep'
HTMLDIR='/usr/local/share/doc/xfig'
I18N_FALSE='#'
I18N_TRUE=''
ICONDIR='/usr/local/share/pixmaps'
INSTALL_DATA='${INSTALL} -m 644'
INSTALL_PROGRAM='${INSTALL}'
INSTALL_SCRIPT='${INSTALL}'
INSTALL_STRIP_PROGRAM='$(install_sh) -c -s'
LDFLAGS=''
LIBOBJS=''
LIBS='-lXpm -ljpeg -lpng -lm '
LN_S='ln -s'
LTLIBOBJS=''
MAKEINFO='${SHELL} /home/printuka/xfig-3.2.7b/missing makeinfo'
MKDIR_P='/bin/mkdir -p'
OBJEXT='o'
PACKAGE='xfig'
PACKAGE_BUGREPORT='thomas.loimer@tuwien.ac.at'
PACKAGE_NAME='xfig'
PACKAGE_STRING='xfig 3.2.7b'
PACKAGE_TARNAME='xfig'
PACKAGE_URL='https://sourceforge.net/projects/mcj/'
PACKAGE_VERSION='3.2.7b'
PATH_SEPARATOR=':'
PKGDATADIR='/usr/local/share/xfig'
RANLIB='ranlib'
RELEASE_DATE='Oct 2019'
RELEASE_YEAR='2019'
SET_MAKE=''
SHELL='/bin/bash'
STRIP=''
USE_JPEG_FALSE='#'
USE_JPEG_TRUE=''
USE_SPLASH_FALSE=''
USE_SPLASH_TRUE='#'
USE_XPM_FALSE='#'
USE_XPM_TRUE=''
VERSION='3.2.7b'
XAW3D1_5E_FALSE='#'
XAW3D1_5E_TRUE=''
XCPPFLAGS='-DXAW_INTERNATIONALIZATION'
XFIG_LIBRARIES_FALSE='#'
XFIG_LIBRARIES_TRUE=''
XLDFLAGS=''
XLIBS='-lXaw3d -lXt -lX11'
XMKMF=''
XPM_MAN='
ac_ct_AR='ar'
ac_ct_CC='gcc'
am__EXEEXT_FALSE=''
am__EXEEXT_TRUE='#'
am__fastdepCC_FALSE='#'
am__fastdepCC_TRUE=''
am__include='include'
am__isrc=''
am__leading_dot='.'
am__nodep='_no'
am__quote=''
am__tar='$${TAR-tar} chof - "$$tardir"'
am__untar='$${TAR-tar} xf -'
appdefaultdir='${datarootdir}/X11/app-defaults'
applicationsdir='${datarootdir}/applications'
bindir='${exec_prefix}/bin'
build_alias=''
compkeydbdir='${datadir}/xfig'
datadir='${datarootdir}'
datarootdir='${prefix}/share'
docdir='${datarootdir}/doc/${PACKAGE_TARNAME}'
dvidir='${docdir}'
exec_prefix='${prefix}'
host_alias=''
htmldir='${docdir}'
icondir='${datarootdir}/pixmaps'
includedir='${prefix}/include'
infodir='${datarootdir}/info'
install_sh='${SHELL} /home/printuka/xfig-3.2.7b/install-sh'
libdir='${exec_prefix}/lib'
libexecdir='${exec_prefix}/libexec'
localedir='${datarootdir}/locale'
localstatedir='${prefix}/var'
mandir='${datarootdir}/man'
mkdir_p='$(MKDIR_P)'
oldincludedir='/usr/include'
pdfdir='${docdir}'
prefix='/usr/local'
program_transform_name='s,x,x,'
psdir='${docdir}'
sbindir='${exec_prefix}/sbin'
sharedstatedir='${prefix}/com'
sysconfdir='${prefix}/etc'
target_alias=''
xpm	X11 Pixmap'

## ----------- ##
## confdefs.h. ##
## ----------- ##

/* confdefs.h */
#define PACKAGE_NAME "xfig"
#define PACKAGE_TARNAME "xfig"
#define PACKAGE_VERSION "3.2.7b"
#define PACKAGE_STRING "xfig 3.2.7b"
#define PACKAGE_BUGREPORT "thomas.loimer@tuwien.ac.at"
#define PACKAGE_URL "https://sourceforge.net/projects/mcj/"
#define PROTOCOL_VERSION "3.2"
#define RELEASE_YEAR "2019"
#define PACKAGE "xfig"
#define VERSION "3.2.7b"
#define HAVE_DIRENT_H 1
#define STDC_HEADERS 1
#define HAVE_SYS_TYPES_H 1
#define HAVE_SYS_STAT_H 1
#define HAVE_STDLIB_H 1
#define HAVE_STRING_H 1
#define HAVE_MEMORY_H 1
#define HAVE_STRINGS_H 1
#define HAVE_INTTYPES_H 1
#define HAVE_STDINT_H 1
#define HAVE_UNISTD_H 1
#define HAVE_FEATURES_H 1
#define HAVE_SYS_TIME_H 1
#define HAVE_PNG_H 1
#define HAVE_DECL_S_IFDIR 1
#define HAVE_DECL_S_IWRITE 1
#define HAVE_FORK 1
#define HAVE_VFORK 1
#define HAVE_WORKING_VFORK 1
#define HAVE_WORKING_FORK 1
#define HAVE_STDLIB_H 1
#define HAVE_MALLOC 1
#define HAVE_STDLIB_H 1
#define HAVE_REALLOC 1
#define HAVE_GETCWD 1
#define HAVE_SETLOCALE 1
#define HAVE_STRERROR 1
#define HAVE_ISASCII 1
#define HAVE_STRSTR 1
#define HAVE_STRCHR 1
#define HAVE_STRRCHR 1
#define HAVE_STRCASECMP 1
#define HAVE_STRNCASECMP 1
#define HAVE_STRDUP 1
#define HAVE_STRNDUP 1
#define ARROWS4TO14 1
#define I18N 1
#define I18N_USE_PREEDIT 1
#define USE_JPEG 1
#define GSBIT 1
#define CACHE_SIZE_LIMIT 20000
#define USE_XPM 1
#define XAW3D 1
#define XAW3D1_5E 1
#define COMP_LED 3
#define PRINTCAP "/etc/printcap"

configure: exit 0
